Using pre-set license
Built from '2021.1/staging' branch; Version is '2021.1.4f1 (792b1d01fa34) revision 7940893'; Using compiler version '192528614'; Build Type 'Release'
OS: 'Windows 10 Enterprise; OS build 19042.928; Version 2009; 64bit' Language: 'en' Physical Memory: 65244 MB
BatchMode: 1, IsHumanControllingUs: 0, StartBugReporterOnCrash: 0, Is64bit: 1, IsPro: 0

 COMMAND LINE ARGUMENTS:
C:\Program Files\Unity\Hub\Editor\2021.1.4f1\Editor\Unity.exe
-adb2
-batchMode
-noUpm
-name
AssetImportWorker0
-projectPath
C:/Users/Rokas/Documents/Unity/Projetcs/Billboard URP
-logFile
Logs/AssetImportWorker0.log
-srvPort
6355
Successfully changed project path to: C:/Users/Rokas/Documents/Unity/Projetcs/Billboard URP
C:/Users/Rokas/Documents/Unity/Projetcs/Billboard URP
Using Asset Import Pipeline V2.
Refreshing native plugins compatible for Editor in 48.46 ms, found 0 plugins.
Preloading 0 native plugins for Editor in 0.00 ms.
Initialize engine version: 2021.1.4f1 (792b1d01fa34)
[Subsystems] Discovering subsystems at path C:/Program Files/Unity/Hub/Editor/2021.1.4f1/Editor/Data/Resources/UnitySubsystems
[Subsystems] Discovering subsystems at path C:/Users/Rokas/Documents/Unity/Projetcs/Billboard URP/Assets
GfxDevice: creating device client; threaded=0; jobified=0
Direct3D:
    Version:  Direct3D 11.0 [level 11.1]
    Renderer: NVIDIA GeForce RTX 3080 (ID=0x2206)
    Vendor:   NVIDIA
    VRAM:     10078 MB
    Driver:   27.21.14.6192
Initialize mono
Mono path[0] = 'C:/Program Files/Unity/Hub/Editor/2021.1.4f1/Editor/Data/Managed'
Mono path[1] = 'C:/Program Files/Unity/Hub/Editor/2021.1.4f1/Editor/Data/MonoBleedingEdge/lib/mono/unityjit'
Mono config path = 'C:/Program Files/Unity/Hub/Editor/2021.1.4f1/Editor/Data/MonoBleedingEdge/etc'
Using monoOptions --debugger-agent=transport=dt_socket,embedding=1,server=y,suspend=n,address=127.0.0.1:56368
Begin MonoManager ReloadAssembly
Registering precompiled unity dll's ...
Register platform support module: C:/Program Files/Unity/Hub/Editor/2021.1.4f1/Editor/Data/PlaybackEngines/WebGLSupport/UnityEditor.WebGL.Extensions.dll
Register platform support module: C:/Program Files/Unity/Hub/Editor/2021.1.4f1/Editor/Data/PlaybackEngines/WindowsStandaloneSupport/UnityEditor.WindowsStandalone.Extensions.dll
Registered in 0.001707 seconds.
Native extension for WindowsStandalone target not found
Native extension for WebGL target not found
Refreshing native plugins compatible for Editor in 51.63 ms, found 0 plugins.
Preloading 0 native plugins for Editor in 0.00 ms.
Mono: successfully reloaded assembly
- Completed reload, in  1.052 seconds
Platform modules already initialized, skipping
Registering precompiled user dll's ...
Registered in 0.001773 seconds.
Begin MonoManager ReloadAssembly
Native extension for WindowsStandalone target not found
Native extension for WebGL target not found
Refreshing native plugins compatible for Editor in 52.50 ms, found 0 plugins.
Preloading 0 native plugins for Editor in 0.00 ms.
Mono: successfully reloaded assembly
- Completed reload, in  0.959 seconds
Platform modules already initialized, skipping
========================================================================
Worker process is ready to serve import requests
Shader 'Universal Render Pipeline/Particles/Lit': fallback shader 'Universal Render Pipeline/Particles/SimpleLit' not found
Shader 'Universal Render Pipeline/Particles/Lit': fallback shader 'Universal Render Pipeline/Particles/SimpleLit' not found
Launched and connected shader compiler UnityShaderCompiler.exe after 0.03 seconds
Refreshing native plugins compatible for Editor in 0.83 ms, found 0 plugins.
Preloading 0 native plugins for Editor in 0.00 ms.
Unloading 3434 Unused Serialized files (Serialized files now loaded: 0)
System memory in use before: 150.1 MB.
System memory in use after: 148.0 MB.

Unloading 38 unused Assets to reduce memory usage. Loaded Objects now: 3868.
Total: 4.338700 ms (FindLiveObjects: 0.375800 ms CreateObjectMapping: 0.265900 ms MarkObjects: 2.591800 ms  DeleteObjects: 1.103900 ms)

========================================================================
Received Import Request.
  path: ProjectSettings/TagManager.asset
  artifactKey: Guid(00000000000000003000000000000000) Importer(815301076,1909f56bfc062723c751e8b465ee728b)
Start importing ProjectSettings/TagManager.asset using Guid(00000000000000003000000000000000) Importer(815301076,1909f56bfc062723c751e8b465ee728b)  -> (artifact id: '60c87f994ab501fa4bd5252e46ba96ae') in 0.033909 seconds 
========================================================================
Received Import Request.
  Time since last request: 140.865457 seconds.
  path: Assets/Shaders/GrassCompute.shader
  artifactKey: Guid(15455ddae74038749be4e782a2dda5d6) Importer(815301076,1909f56bfc062723c751e8b465ee728b)
Start importing Assets/Shaders/GrassCompute.shader using Guid(15455ddae74038749be4e782a2dda5d6) Importer(815301076,1909f56bfc062723c751e8b465ee728b)  -> (artifact id: '400d8b7e2192a368cbbbce71f322496c') in 0.018023 seconds 
========================================================================
Received Import Request.
  Time since last request: 143.603692 seconds.
  path: Assets/Editor/GrassPainterEditor.cs
  artifactKey: Guid(229fa32c8636a654c9bc198ab15260fc) Importer(815301076,1909f56bfc062723c751e8b465ee728b)
Start importing Assets/Editor/GrassPainterEditor.cs using Guid(229fa32c8636a654c9bc198ab15260fc) Importer(815301076,1909f56bfc062723c751e8b465ee728b)  -> (artifact id: '675e1d2dac8464e39a742ffa9702f928') in 0.009926 seconds 
========================================================================
Received Import Request.
  Time since last request: 177.034619 seconds.
  path: Assets/Scenes/Grass.unity
  artifactKey: Guid(853e2919b7a34cd4bb1e09fe4a7ff626) Importer(815301076,1909f56bfc062723c751e8b465ee728b)
Start importing Assets/Scenes/Grass.unity using Guid(853e2919b7a34cd4bb1e09fe4a7ff626) Importer(815301076,1909f56bfc062723c751e8b465ee728b)  -> (artifact id: 'be10c6689c1f5363b3f19214bbb16e9a') in 0.002889 seconds 
========================================================================
Received Prepare
Registering precompiled user dll's ...
Registered in 0.001666 seconds.
Begin MonoManager ReloadAssembly
Native extension for WindowsStandalone target not found
Native extension for WebGL target not found
Refreshing native plugins compatible for Editor in 0.72 ms, found 0 plugins.
Preloading 0 native plugins for Editor in 0.00 ms.
Mono: successfully reloaded assembly
- Completed reload, in  0.913 seconds
Platform modules already initialized, skipping
Shader 'Universal Render Pipeline/Particles/Lit': fallback shader 'Universal Render Pipeline/Particles/SimpleLit' not found
Shader 'Universal Render Pipeline/Particles/Lit': fallback shader 'Universal Render Pipeline/Particles/SimpleLit' not found
Refreshing native plugins compatible for Editor in 0.72 ms, found 0 plugins.
Preloading 0 native plugins for Editor in 0.00 ms.
Unloading 3343 Unused Serialized files (Serialized files now loaded: 0)
System memory in use before: 144.8 MB.
System memory in use after: 142.7 MB.

Unloading 35 unused Assets to reduce memory usage. Loaded Objects now: 3871.
Total: 4.593000 ms (FindLiveObjects: 0.393100 ms CreateObjectMapping: 0.217300 ms MarkObjects: 2.782500 ms  DeleteObjects: 1.199000 ms)

========================================================================
Received Prepare
Registering precompiled user dll's ...
Registered in 0.001617 seconds.
Begin MonoManager ReloadAssembly
Native extension for WindowsStandalone target not found
Native extension for WebGL target not found
Refreshing native plugins compatible for Editor in 0.70 ms, found 0 plugins.
Preloading 0 native plugins for Editor in 0.00 ms.
Mono: successfully reloaded assembly
- Completed reload, in  0.872 seconds
Platform modules already initialized, skipping
Shader 'Universal Render Pipeline/Particles/Lit': fallback shader 'Universal Render Pipeline/Particles/SimpleLit' not found
Shader 'Universal Render Pipeline/Particles/Lit': fallback shader 'Universal Render Pipeline/Particles/SimpleLit' not found
Refreshing native plugins compatible for Editor in 0.72 ms, found 0 plugins.
Preloading 0 native plugins for Editor in 0.00 ms.
Unloading 3343 Unused Serialized files (Serialized files now loaded: 0)
System memory in use before: 145.0 MB.
System memory in use after: 142.8 MB.

Unloading 34 unused Assets to reduce memory usage. Loaded Objects now: 3874.
Total: 4.981000 ms (FindLiveObjects: 0.420300 ms CreateObjectMapping: 0.314200 ms MarkObjects: 2.947900 ms  DeleteObjects: 1.297300 ms)

========================================================================
Received Prepare
Registering precompiled user dll's ...
Registered in 0.001490 seconds.
Begin MonoManager ReloadAssembly
Native extension for WindowsStandalone target not found
Native extension for WebGL target not found
Refreshing native plugins compatible for Editor in 0.66 ms, found 0 plugins.
Preloading 0 native plugins for Editor in 0.00 ms.
Mono: successfully reloaded assembly
- Completed reload, in  0.854 seconds
Platform modules already initialized, skipping
Shader 'Universal Render Pipeline/Particles/Lit': fallback shader 'Universal Render Pipeline/Particles/SimpleLit' not found
Shader 'Universal Render Pipeline/Particles/Lit': fallback shader 'Universal Render Pipeline/Particles/SimpleLit' not found
Refreshing native plugins compatible for Editor in 0.67 ms, found 0 plugins.
Preloading 0 native plugins for Editor in 0.00 ms.
Unloading 3343 Unused Serialized files (Serialized files now loaded: 0)
System memory in use before: 144.9 MB.
System memory in use after: 142.8 MB.

Unloading 34 unused Assets to reduce memory usage. Loaded Objects now: 3877.
Total: 4.491400 ms (FindLiveObjects: 0.369400 ms CreateObjectMapping: 0.200900 ms MarkObjects: 2.812900 ms  DeleteObjects: 1.106700 ms)

========================================================================
Received Prepare
Registering precompiled user dll's ...
Registered in 0.001514 seconds.
Begin MonoManager ReloadAssembly
Native extension for WindowsStandalone target not found
Native extension for WebGL target not found
Refreshing native plugins compatible for Editor in 0.70 ms, found 0 plugins.
Preloading 0 native plugins for Editor in 0.00 ms.
Mono: successfully reloaded assembly
- Completed reload, in  0.874 seconds
Platform modules already initialized, skipping
Shader 'Universal Render Pipeline/Particles/Lit': fallback shader 'Universal Render Pipeline/Particles/SimpleLit' not found
Shader 'Universal Render Pipeline/Particles/Lit': fallback shader 'Universal Render Pipeline/Particles/SimpleLit' not found
Refreshing native plugins compatible for Editor in 1.04 ms, found 0 plugins.
Preloading 0 native plugins for Editor in 0.00 ms.
Unloading 3343 Unused Serialized files (Serialized files now loaded: 0)
System memory in use before: 144.9 MB.
System memory in use after: 142.8 MB.

Unloading 34 unused Assets to reduce memory usage. Loaded Objects now: 3880.
Total: 4.410700 ms (FindLiveObjects: 0.402300 ms CreateObjectMapping: 0.199200 ms MarkObjects: 2.632400 ms  DeleteObjects: 1.174700 ms)

========================================================================
Received Prepare
Registering precompiled user dll's ...
Registered in 0.001527 seconds.
Begin MonoManager ReloadAssembly
Native extension for WindowsStandalone target not found
Native extension for WebGL target not found
Refreshing native plugins compatible for Editor in 0.69 ms, found 0 plugins.
Preloading 0 native plugins for Editor in 0.00 ms.
Mono: successfully reloaded assembly
- Completed reload, in  0.858 seconds
Platform modules already initialized, skipping
Shader 'Universal Render Pipeline/Particles/Lit': fallback shader 'Universal Render Pipeline/Particles/SimpleLit' not found
Shader 'Universal Render Pipeline/Particles/Lit': fallback shader 'Universal Render Pipeline/Particles/SimpleLit' not found
Refreshing native plugins compatible for Editor in 0.80 ms, found 0 plugins.
Preloading 0 native plugins for Editor in 0.00 ms.
Unloading 3343 Unused Serialized files (Serialized files now loaded: 0)
System memory in use before: 145.0 MB.
System memory in use after: 142.9 MB.

Unloading 34 unused Assets to reduce memory usage. Loaded Objects now: 3883.
Total: 4.556700 ms (FindLiveObjects: 0.438500 ms CreateObjectMapping: 0.202400 ms MarkObjects: 2.695500 ms  DeleteObjects: 1.219100 ms)

========================================================================
Received Prepare
Registering precompiled user dll's ...
Registered in 0.001606 seconds.
Begin MonoManager ReloadAssembly
Native extension for WindowsStandalone target not found
Native extension for WebGL target not found
Refreshing native plugins compatible for Editor in 0.70 ms, found 0 plugins.
Preloading 0 native plugins for Editor in 0.00 ms.
Mono: successfully reloaded assembly
- Completed reload, in  0.856 seconds
Platform modules already initialized, skipping
Shader 'Universal Render Pipeline/Particles/Lit': fallback shader 'Universal Render Pipeline/Particles/SimpleLit' not found
Shader 'Universal Render Pipeline/Particles/Lit': fallback shader 'Universal Render Pipeline/Particles/SimpleLit' not found
Refreshing native plugins compatible for Editor in 0.78 ms, found 0 plugins.
Preloading 0 native plugins for Editor in 0.00 ms.
Unloading 3343 Unused Serialized files (Serialized files now loaded: 0)
System memory in use before: 145.0 MB.
System memory in use after: 142.9 MB.

Unloading 34 unused Assets to reduce memory usage. Loaded Objects now: 3886.
Total: 4.262900 ms (FindLiveObjects: 0.407000 ms CreateObjectMapping: 0.252000 ms MarkObjects: 2.447600 ms  DeleteObjects: 1.154700 ms)

========================================================================
Received Prepare
Registering precompiled user dll's ...
Registered in 0.001552 seconds.
Begin MonoManager ReloadAssembly
Native extension for WindowsStandalone target not found
Native extension for WebGL target not found
Refreshing native plugins compatible for Editor in 0.72 ms, found 0 plugins.
Preloading 0 native plugins for Editor in 0.00 ms.
Mono: successfully reloaded assembly
- Completed reload, in  0.849 seconds
Platform modules already initialized, skipping
Shader 'Universal Render Pipeline/Particles/Lit': fallback shader 'Universal Render Pipeline/Particles/SimpleLit' not found
Shader 'Universal Render Pipeline/Particles/Lit': fallback shader 'Universal Render Pipeline/Particles/SimpleLit' not found
Refreshing native plugins compatible for Editor in 0.71 ms, found 0 plugins.
Preloading 0 native plugins for Editor in 0.00 ms.
Unloading 3343 Unused Serialized files (Serialized files now loaded: 0)
System memory in use before: 145.0 MB.
System memory in use after: 142.9 MB.

Unloading 34 unused Assets to reduce memory usage. Loaded Objects now: 3889.
Total: 4.398600 ms (FindLiveObjects: 0.411800 ms CreateObjectMapping: 0.198000 ms MarkObjects: 2.525000 ms  DeleteObjects: 1.262400 ms)

========================================================================
Received Prepare
Registering precompiled user dll's ...
Registered in 0.001627 seconds.
Begin MonoManager ReloadAssembly
Native extension for WindowsStandalone target not found
Native extension for WebGL target not found
Refreshing native plugins compatible for Editor in 0.70 ms, found 0 plugins.
Preloading 0 native plugins for Editor in 0.00 ms.
Mono: successfully reloaded assembly
- Completed reload, in  0.869 seconds
Platform modules already initialized, skipping
Shader 'Universal Render Pipeline/Particles/Lit': fallback shader 'Universal Render Pipeline/Particles/SimpleLit' not found
Shader 'Universal Render Pipeline/Particles/Lit': fallback shader 'Universal Render Pipeline/Particles/SimpleLit' not found
Refreshing native plugins compatible for Editor in 0.68 ms, found 0 plugins.
Preloading 0 native plugins for Editor in 0.00 ms.
Unloading 3343 Unused Serialized files (Serialized files now loaded: 0)
System memory in use before: 145.0 MB.
System memory in use after: 142.9 MB.

Unloading 34 unused Assets to reduce memory usage. Loaded Objects now: 3892.
Total: 4.545400 ms (FindLiveObjects: 0.388600 ms CreateObjectMapping: 0.352500 ms MarkObjects: 2.614700 ms  DeleteObjects: 1.188300 ms)

========================================================================
Received Prepare
Registering precompiled user dll's ...
Registered in 0.001545 seconds.
Begin MonoManager ReloadAssembly
Native extension for WindowsStandalone target not found
Native extension for WebGL target not found
Refreshing native plugins compatible for Editor in 0.68 ms, found 0 plugins.
Preloading 0 native plugins for Editor in 0.00 ms.
Mono: successfully reloaded assembly
- Completed reload, in  0.853 seconds
Platform modules already initialized, skipping
Shader 'Universal Render Pipeline/Particles/Lit': fallback shader 'Universal Render Pipeline/Particles/SimpleLit' not found
Shader 'Universal Render Pipeline/Particles/Lit': fallback shader 'Universal Render Pipeline/Particles/SimpleLit' not found
Refreshing native plugins compatible for Editor in 0.76 ms, found 0 plugins.
Preloading 0 native plugins for Editor in 0.00 ms.
Unloading 3343 Unused Serialized files (Serialized files now loaded: 0)
System memory in use before: 145.0 MB.
System memory in use after: 142.9 MB.

Unloading 34 unused Assets to reduce memory usage. Loaded Objects now: 3895.
Total: 4.469000 ms (FindLiveObjects: 0.451900 ms CreateObjectMapping: 0.268400 ms MarkObjects: 2.571400 ms  DeleteObjects: 1.175600 ms)

========================================================================
Received Prepare
Registering precompiled user dll's ...
Registered in 0.001569 seconds.
Begin MonoManager ReloadAssembly
Native extension for WindowsStandalone target not found
Native extension for WebGL target not found
Refreshing native plugins compatible for Editor in 0.68 ms, found 0 plugins.
Preloading 0 native plugins for Editor in 0.00 ms.
Mono: successfully reloaded assembly
- Completed reload, in  0.856 seconds
Platform modules already initialized, skipping
Shader 'Universal Render Pipeline/Particles/Lit': fallback shader 'Universal Render Pipeline/Particles/SimpleLit' not found
Shader 'Universal Render Pipeline/Particles/Lit': fallback shader 'Universal Render Pipeline/Particles/SimpleLit' not found
Refreshing native plugins compatible for Editor in 0.64 ms, found 0 plugins.
Preloading 0 native plugins for Editor in 0.00 ms.
Unloading 3343 Unused Serialized files (Serialized files now loaded: 0)
System memory in use before: 145.0 MB.
System memory in use after: 142.9 MB.

Unloading 34 unused Assets to reduce memory usage. Loaded Objects now: 3898.
Total: 4.855000 ms (FindLiveObjects: 0.483300 ms CreateObjectMapping: 0.237900 ms MarkObjects: 2.845600 ms  DeleteObjects: 1.286400 ms)

========================================================================
Received Prepare
Registering precompiled user dll's ...
Registered in 0.001547 seconds.
Begin MonoManager ReloadAssembly
Native extension for WindowsStandalone target not found
Native extension for WebGL target not found
Refreshing native plugins compatible for Editor in 0.72 ms, found 0 plugins.
Preloading 0 native plugins for Editor in 0.00 ms.
Mono: successfully reloaded assembly
- Completed reload, in  0.861 seconds
Platform modules already initialized, skipping
Shader 'Universal Render Pipeline/Particles/Lit': fallback shader 'Universal Render Pipeline/Particles/SimpleLit' not found
Shader 'Universal Render Pipeline/Particles/Lit': fallback shader 'Universal Render Pipeline/Particles/SimpleLit' not found
Refreshing native plugins compatible for Editor in 0.69 ms, found 0 plugins.
Preloading 0 native plugins for Editor in 0.00 ms.
Unloading 3343 Unused Serialized files (Serialized files now loaded: 0)
System memory in use before: 145.0 MB.
System memory in use after: 142.9 MB.

Unloading 34 unused Assets to reduce memory usage. Loaded Objects now: 3901.
Total: 4.376500 ms (FindLiveObjects: 0.397700 ms CreateObjectMapping: 0.206100 ms MarkObjects: 2.580500 ms  DeleteObjects: 1.191200 ms)

========================================================================
Received Prepare
Registering precompiled user dll's ...
Registered in 0.001612 seconds.
Begin MonoManager ReloadAssembly
Native extension for WindowsStandalone target not found
Native extension for WebGL target not found
Refreshing native plugins compatible for Editor in 0.66 ms, found 0 plugins.
Preloading 0 native plugins for Editor in 0.00 ms.
Mono: successfully reloaded assembly
- Completed reload, in  0.889 seconds
Platform modules already initialized, skipping
Shader 'Universal Render Pipeline/Particles/Lit': fallback shader 'Universal Render Pipeline/Particles/SimpleLit' not found
Shader 'Universal Render Pipeline/Particles/Lit': fallback shader 'Universal Render Pipeline/Particles/SimpleLit' not found
Refreshing native plugins compatible for Editor in 0.76 ms, found 0 plugins.
Preloading 0 native plugins for Editor in 0.00 ms.
Unloading 3343 Unused Serialized files (Serialized files now loaded: 0)
System memory in use before: 145.0 MB.
System memory in use after: 142.9 MB.

Unloading 34 unused Assets to reduce memory usage. Loaded Objects now: 3904.
Total: 4.624700 ms (FindLiveObjects: 0.391800 ms CreateObjectMapping: 0.207700 ms MarkObjects: 2.759700 ms  DeleteObjects: 1.264600 ms)

========================================================================
Received Import Request.
  Time since last request: 1279.321794 seconds.
  path: Assets/Scripts/Interactor.cs
  artifactKey: Guid(e18c922846dd6e645bcf420d369b6919) Importer(815301076,1909f56bfc062723c751e8b465ee728b)
Start importing Assets/Scripts/Interactor.cs using Guid(e18c922846dd6e645bcf420d369b6919) Importer(815301076,1909f56bfc062723c751e8b465ee728b)  -> (artifact id: '6a11cc78d03a35bceaf568a952ba5909') in 0.011319 seconds 
========================================================================
Received Import Request.
  Time since last request: 28.233842 seconds.
  path: Assets/Shaders/GrassCompute.hlsl
  artifactKey: Guid(c3103ee507fc5634b8987ac1e0fe81b2) Importer(815301076,1909f56bfc062723c751e8b465ee728b)
Start importing Assets/Shaders/GrassCompute.hlsl using Guid(c3103ee507fc5634b8987ac1e0fe81b2) Importer(815301076,1909f56bfc062723c751e8b465ee728b)  -> (artifact id: '330b7ce83114af553c1b90407798120e') in 0.013924 seconds 
========================================================================
Received Import Request.
  Time since last request: 107.043183 seconds.
  path: Assets/Shaders/GrassCompute.hlsl
  artifactKey: Guid(c3103ee507fc5634b8987ac1e0fe81b2) Importer(815301076,1909f56bfc062723c751e8b465ee728b)
Start importing Assets/Shaders/GrassCompute.hlsl using Guid(c3103ee507fc5634b8987ac1e0fe81b2) Importer(815301076,1909f56bfc062723c751e8b465ee728b)  -> (artifact id: '17ca287401ae86d1c367964892bf2d4a') in 0.002682 seconds 
========================================================================
Received Import Request.
  Time since last request: 8.765235 seconds.
  path: Assets/Scripts/GrassComputeRenderer.cs
  artifactKey: Guid(904e17480c57e9e40b213c4e6db4db08) Importer(815301076,1909f56bfc062723c751e8b465ee728b)
Start importing Assets/Scripts/GrassComputeRenderer.cs using Guid(904e17480c57e9e40b213c4e6db4db08) Importer(815301076,1909f56bfc062723c751e8b465ee728b)  -> (artifact id: '1814b1e43431887418aac004b03e9379') in 0.005850 seconds 
========================================================================
Received Prepare
Registering precompiled user dll's ...
Registered in 0.001585 seconds.
Begin MonoManager ReloadAssembly
Native extension for WindowsStandalone target not found
Native extension for WebGL target not found
Refreshing native plugins compatible for Editor in 0.69 ms, found 0 plugins.
Preloading 0 native plugins for Editor in 0.00 ms.
Mono: successfully reloaded assembly
- Completed reload, in  0.881 seconds
Platform modules already initialized, skipping
Shader 'Universal Render Pipeline/Particles/Lit': fallback shader 'Universal Render Pipeline/Particles/SimpleLit' not found
Shader 'Universal Render Pipeline/Particles/Lit': fallback shader 'Universal Render Pipeline/Particles/SimpleLit' not found
Refreshing native plugins compatible for Editor in 0.67 ms, found 0 plugins.
Preloading 0 native plugins for Editor in 0.00 ms.
Unloading 3343 Unused Serialized files (Serialized files now loaded: 0)
System memory in use before: 145.0 MB.
System memory in use after: 142.9 MB.

Unloading 34 unused Assets to reduce memory usage. Loaded Objects now: 3907.
Total: 4.320300 ms (FindLiveObjects: 0.362700 ms CreateObjectMapping: 0.205500 ms MarkObjects: 2.612200 ms  DeleteObjects: 1.138600 ms)

========================================================================
Received Import Request.
  Time since last request: 139.668688 seconds.
  path: Assets/Scripts/GrassComputeRenderer.cs
  artifactKey: Guid(904e17480c57e9e40b213c4e6db4db08) Importer(815301076,1909f56bfc062723c751e8b465ee728b)
Start importing Assets/Scripts/GrassComputeRenderer.cs using Guid(904e17480c57e9e40b213c4e6db4db08) Importer(815301076,1909f56bfc062723c751e8b465ee728b)  -> (artifact id: '76b4264546db40a752847b5eda69c35b') in 0.007133 seconds 
========================================================================
Received Import Request.
  Time since last request: 4.531061 seconds.
  path: Assets/Shaders/GrassCompute.hlsl
  artifactKey: Guid(c3103ee507fc5634b8987ac1e0fe81b2) Importer(815301076,1909f56bfc062723c751e8b465ee728b)
Start importing Assets/Shaders/GrassCompute.hlsl using Guid(c3103ee507fc5634b8987ac1e0fe81b2) Importer(815301076,1909f56bfc062723c751e8b465ee728b)  -> (artifact id: '2bf1309d4ab9569f53eaf51b3253e058') in 0.028361 seconds 
========================================================================
Received Import Request.
  Time since last request: 3.060214 seconds.
  path: Assets/Shaders/GrassCompute.compute
  artifactKey: Guid(9d416952d857a2e4ebd267fb35ba044a) Importer(815301076,1909f56bfc062723c751e8b465ee728b)
Start importing Assets/Shaders/GrassCompute.compute using Guid(9d416952d857a2e4ebd267fb35ba044a) Importer(815301076,1909f56bfc062723c751e8b465ee728b)  -> (artifact id: '363e84ca1daaaaa1d660f76526b5aa3f') in 0.004204 seconds 
========================================================================
Received Prepare
Registering precompiled user dll's ...
Registered in 0.001501 seconds.
Begin MonoManager ReloadAssembly
Native extension for WindowsStandalone target not found
Native extension for WebGL target not found
Refreshing native plugins compatible for Editor in 0.67 ms, found 0 plugins.
Preloading 0 native plugins for Editor in 0.00 ms.
Mono: successfully reloaded assembly
- Completed reload, in  0.868 seconds
Platform modules already initialized, skipping
Shader 'Universal Render Pipeline/Particles/Lit': fallback shader 'Universal Render Pipeline/Particles/SimpleLit' not found
Shader 'Universal Render Pipeline/Particles/Lit': fallback shader 'Universal Render Pipeline/Particles/SimpleLit' not found
Refreshing native plugins compatible for Editor in 0.66 ms, found 0 plugins.
Preloading 0 native plugins for Editor in 0.00 ms.
Unloading 3343 Unused Serialized files (Serialized files now loaded: 0)
System memory in use before: 145.0 MB.
System memory in use after: 142.9 MB.

Unloading 34 unused Assets to reduce memory usage. Loaded Objects now: 3910.
Total: 4.777600 ms (FindLiveObjects: 0.382700 ms CreateObjectMapping: 0.231800 ms MarkObjects: 2.835600 ms  DeleteObjects: 1.326500 ms)

========================================================================
Received Import Request.
  Time since last request: 220.105717 seconds.
  path: Assets/Shaders/GrassCompute.compute
  artifactKey: Guid(9d416952d857a2e4ebd267fb35ba044a) Importer(815301076,1909f56bfc062723c751e8b465ee728b)
Start importing Assets/Shaders/GrassCompute.compute using Guid(9d416952d857a2e4ebd267fb35ba044a) Importer(815301076,1909f56bfc062723c751e8b465ee728b)  -> (artifact id: '05a5d8f128f0d1c8250540e0a54bd5ff') in 0.030611 seconds 
========================================================================
Received Import Request.
  Time since last request: 21.554972 seconds.
  path: Assets/Scripts/GeometryGrassPainter.cs
  artifactKey: Guid(49d30a7a93cbf014c93f0be5b2f37a10) Importer(815301076,1909f56bfc062723c751e8b465ee728b)
Start importing Assets/Scripts/GeometryGrassPainter.cs using Guid(49d30a7a93cbf014c93f0be5b2f37a10) Importer(815301076,1909f56bfc062723c751e8b465ee728b)  -> (artifact id: '43bc695a772f6784bf7a4e5a1056beed') in 0.006632 seconds 
========================================================================
Received Prepare
Registering precompiled user dll's ...
Registered in 0.001534 seconds.
Begin MonoManager ReloadAssembly
Native extension for WindowsStandalone target not found
Native extension for WebGL target not found
Refreshing native plugins compatible for Editor in 0.68 ms, found 0 plugins.
Preloading 0 native plugins for Editor in 0.00 ms.
Mono: successfully reloaded assembly
- Completed reload, in  0.855 seconds
Platform modules already initialized, skipping
Shader 'Universal Render Pipeline/Particles/Lit': fallback shader 'Universal Render Pipeline/Particles/SimpleLit' not found
Shader 'Universal Render Pipeline/Particles/Lit': fallback shader 'Universal Render Pipeline/Particles/SimpleLit' not found
Refreshing native plugins compatible for Editor in 0.67 ms, found 0 plugins.
Preloading 0 native plugins for Editor in 0.00 ms.
Unloading 3343 Unused Serialized files (Serialized files now loaded: 0)
System memory in use before: 145.0 MB.
System memory in use after: 142.9 MB.

Unloading 34 unused Assets to reduce memory usage. Loaded Objects now: 3913.
Total: 4.645200 ms (FindLiveObjects: 0.368400 ms CreateObjectMapping: 0.187400 ms MarkObjects: 2.834400 ms  DeleteObjects: 1.253800 ms)

========================================================================
Received Prepare
Registering precompiled user dll's ...
Registered in 0.001522 seconds.
Begin MonoManager ReloadAssembly
Native extension for WindowsStandalone target not found
Native extension for WebGL target not found
Refreshing native plugins compatible for Editor in 0.70 ms, found 0 plugins.
Preloading 0 native plugins for Editor in 0.00 ms.
Mono: successfully reloaded assembly
- Completed reload, in  0.871 seconds
Platform modules already initialized, skipping
Shader 'Universal Render Pipeline/Particles/Lit': fallback shader 'Universal Render Pipeline/Particles/SimpleLit' not found
Shader 'Universal Render Pipeline/Particles/Lit': fallback shader 'Universal Render Pipeline/Particles/SimpleLit' not found
Refreshing native plugins compatible for Editor in 0.66 ms, found 0 plugins.
Preloading 0 native plugins for Editor in 0.00 ms.
Unloading 3343 Unused Serialized files (Serialized files now loaded: 0)
System memory in use before: 145.0 MB.
System memory in use after: 142.9 MB.

Unloading 34 unused Assets to reduce memory usage. Loaded Objects now: 3916.
Total: 4.787900 ms (FindLiveObjects: 0.390900 ms CreateObjectMapping: 0.179600 ms MarkObjects: 3.040000 ms  DeleteObjects: 1.176200 ms)

========================================================================
Received Prepare
Registering precompiled user dll's ...
Registered in 0.001578 seconds.
Begin MonoManager ReloadAssembly
Native extension for WindowsStandalone target not found
Native extension for WebGL target not found
Refreshing native plugins compatible for Editor in 0.70 ms, found 0 plugins.
Preloading 0 native plugins for Editor in 0.00 ms.
Mono: successfully reloaded assembly
- Completed reload, in  0.868 seconds
Platform modules already initialized, skipping
Shader 'Universal Render Pipeline/Particles/Lit': fallback shader 'Universal Render Pipeline/Particles/SimpleLit' not found
Shader 'Universal Render Pipeline/Particles/Lit': fallback shader 'Universal Render Pipeline/Particles/SimpleLit' not found
Refreshing native plugins compatible for Editor in 0.96 ms, found 0 plugins.
Preloading 0 native plugins for Editor in 0.00 ms.
Unloading 3343 Unused Serialized files (Serialized files now loaded: 0)
System memory in use before: 145.0 MB.
System memory in use after: 142.9 MB.

Unloading 34 unused Assets to reduce memory usage. Loaded Objects now: 3919.
Total: 4.731300 ms (FindLiveObjects: 0.458900 ms CreateObjectMapping: 0.174900 ms MarkObjects: 2.728900 ms  DeleteObjects: 1.367300 ms)

========================================================================
Received Prepare
Registering precompiled user dll's ...
Registered in 0.001555 seconds.
Begin MonoManager ReloadAssembly
Native extension for WindowsStandalone target not found
Native extension for WebGL target not found
Refreshing native plugins compatible for Editor in 0.69 ms, found 0 plugins.
Preloading 0 native plugins for Editor in 0.00 ms.
Mono: successfully reloaded assembly
- Completed reload, in  0.913 seconds
Platform modules already initialized, skipping
Shader 'Universal Render Pipeline/Particles/Lit': fallback shader 'Universal Render Pipeline/Particles/SimpleLit' not found
Shader 'Universal Render Pipeline/Particles/Lit': fallback shader 'Universal Render Pipeline/Particles/SimpleLit' not found
Refreshing native plugins compatible for Editor in 0.68 ms, found 0 plugins.
Preloading 0 native plugins for Editor in 0.00 ms.
Unloading 3343 Unused Serialized files (Serialized files now loaded: 0)
System memory in use before: 145.1 MB.
System memory in use after: 143.0 MB.

Unloading 34 unused Assets to reduce memory usage. Loaded Objects now: 3922.
Total: 4.455700 ms (FindLiveObjects: 0.367000 ms CreateObjectMapping: 0.194000 ms MarkObjects: 2.661200 ms  DeleteObjects: 1.232500 ms)

========================================================================
Received Prepare
Registering precompiled user dll's ...
Registered in 0.001582 seconds.
Begin MonoManager ReloadAssembly
Native extension for WindowsStandalone target not found
Native extension for WebGL target not found
Refreshing native plugins compatible for Editor in 0.70 ms, found 0 plugins.
Preloading 0 native plugins for Editor in 0.00 ms.
Mono: successfully reloaded assembly
- Completed reload, in  0.878 seconds
Platform modules already initialized, skipping
Shader 'Universal Render Pipeline/Particles/Lit': fallback shader 'Universal Render Pipeline/Particles/SimpleLit' not found
Shader 'Universal Render Pipeline/Particles/Lit': fallback shader 'Universal Render Pipeline/Particles/SimpleLit' not found
Refreshing native plugins compatible for Editor in 0.76 ms, found 0 plugins.
Preloading 0 native plugins for Editor in 0.00 ms.
Unloading 3343 Unused Serialized files (Serialized files now loaded: 0)
System memory in use before: 145.1 MB.
System memory in use after: 143.0 MB.

Unloading 34 unused Assets to reduce memory usage. Loaded Objects now: 3925.
Total: 4.569700 ms (FindLiveObjects: 0.464600 ms CreateObjectMapping: 0.226800 ms MarkObjects: 2.721400 ms  DeleteObjects: 1.155700 ms)

========================================================================
Received Prepare
Registering precompiled user dll's ...
Registered in 0.001538 seconds.
Begin MonoManager ReloadAssembly
Native extension for WindowsStandalone target not found
Native extension for WebGL target not found
Refreshing native plugins compatible for Editor in 0.69 ms, found 0 plugins.
Preloading 0 native plugins for Editor in 0.00 ms.
Mono: successfully reloaded assembly
- Completed reload, in  0.853 seconds
Platform modules already initialized, skipping
Shader 'Universal Render Pipeline/Particles/Lit': fallback shader 'Universal Render Pipeline/Particles/SimpleLit' not found
Shader 'Universal Render Pipeline/Particles/Lit': fallback shader 'Universal Render Pipeline/Particles/SimpleLit' not found
Refreshing native plugins compatible for Editor in 0.72 ms, found 0 plugins.
Preloading 0 native plugins for Editor in 0.00 ms.
Unloading 3343 Unused Serialized files (Serialized files now loaded: 0)
System memory in use before: 145.1 MB.
System memory in use after: 143.0 MB.

Unloading 34 unused Assets to reduce memory usage. Loaded Objects now: 3928.
Total: 4.572100 ms (FindLiveObjects: 0.385000 ms CreateObjectMapping: 0.193000 ms MarkObjects: 2.803600 ms  DeleteObjects: 1.189100 ms)

