Using pre-set license
Built from '2021.1/staging' branch; Version is '2021.1.4f1 (792b1d01fa34) revision 7940893'; Using compiler version '192528614'; Build Type 'Release'
OS: 'Windows 10 Enterprise; OS build 19042.928; Version 2009; 64bit' Language: 'en' Physical Memory: 65244 MB
BatchMode: 1, IsHumanControllingUs: 0, StartBugReporterOnCrash: 0, Is64bit: 1, IsPro: 0

 COMMAND LINE ARGUMENTS:
C:\Program Files\Unity\Hub\Editor\2021.1.4f1\Editor\Unity.exe
-adb2
-batchMode
-noUpm
-name
AssetImportWorker0
-projectPath
C:/Users/Rokas/Documents/Unity/Projetcs/Billboard URP
-logFile
Logs/AssetImportWorker0.log
-srvPort
5109
Successfully changed project path to: C:/Users/Rokas/Documents/Unity/Projetcs/Billboard URP
C:/Users/Rokas/Documents/Unity/Projetcs/Billboard URP
Using Asset Import Pipeline V2.
Refreshing native plugins compatible for Editor in 50.09 ms, found 0 plugins.
Preloading 0 native plugins for Editor in 0.00 ms.
Initialize engine version: 2021.1.4f1 (792b1d01fa34)
[Subsystems] Discovering subsystems at path C:/Program Files/Unity/Hub/Editor/2021.1.4f1/Editor/Data/Resources/UnitySubsystems
[Subsystems] Discovering subsystems at path C:/Users/Rokas/Documents/Unity/Projetcs/Billboard URP/Assets
GfxDevice: creating device client; threaded=0; jobified=0
Direct3D:
    Version:  Direct3D 11.0 [level 11.1]
    Renderer: NVIDIA GeForce RTX 3080 (ID=0x2206)
    Vendor:   NVIDIA
    VRAM:     10078 MB
    Driver:   27.21.14.6192
Initialize mono
Mono path[0] = 'C:/Program Files/Unity/Hub/Editor/2021.1.4f1/Editor/Data/Managed'
Mono path[1] = 'C:/Program Files/Unity/Hub/Editor/2021.1.4f1/Editor/Data/MonoBleedingEdge/lib/mono/unityjit'
Mono config path = 'C:/Program Files/Unity/Hub/Editor/2021.1.4f1/Editor/Data/MonoBleedingEdge/etc'
Using monoOptions --debugger-agent=transport=dt_socket,embedding=1,server=y,suspend=n,address=127.0.0.1:56576
Begin MonoManager ReloadAssembly
Registering precompiled unity dll's ...
Register platform support module: C:/Program Files/Unity/Hub/Editor/2021.1.4f1/Editor/Data/PlaybackEngines/WebGLSupport/UnityEditor.WebGL.Extensions.dll
Register platform support module: C:/Program Files/Unity/Hub/Editor/2021.1.4f1/Editor/Data/PlaybackEngines/WindowsStandaloneSupport/UnityEditor.WindowsStandalone.Extensions.dll
Registered in 0.001620 seconds.
Native extension for WindowsStandalone target not found
Native extension for WebGL target not found
Refreshing native plugins compatible for Editor in 52.73 ms, found 0 plugins.
Preloading 0 native plugins for Editor in 0.00 ms.
Mono: successfully reloaded assembly
- Completed reload, in  1.079 seconds
Platform modules already initialized, skipping
Registering precompiled user dll's ...
Registered in 0.001645 seconds.
Begin MonoManager ReloadAssembly
Native extension for WindowsStandalone target not found
Native extension for WebGL target not found
Refreshing native plugins compatible for Editor in 52.98 ms, found 0 plugins.
Preloading 0 native plugins for Editor in 0.00 ms.
Mono: successfully reloaded assembly
- Completed reload, in  0.969 seconds
Platform modules already initialized, skipping
========================================================================
Worker process is ready to serve import requests
Shader 'Universal Render Pipeline/Particles/Lit': fallback shader 'Universal Render Pipeline/Particles/SimpleLit' not found
Shader 'Universal Render Pipeline/Particles/Lit': fallback shader 'Universal Render Pipeline/Particles/SimpleLit' not found
Launched and connected shader compiler UnityShaderCompiler.exe after 0.03 seconds
Refreshing native plugins compatible for Editor in 0.69 ms, found 0 plugins.
Preloading 0 native plugins for Editor in 0.00 ms.
Unloading 3434 Unused Serialized files (Serialized files now loaded: 0)
System memory in use before: 151.2 MB.
System memory in use after: 149.0 MB.

Unloading 38 unused Assets to reduce memory usage. Loaded Objects now: 3868.
Total: 4.061900 ms (FindLiveObjects: 0.378700 ms CreateObjectMapping: 0.207700 ms MarkObjects: 2.452900 ms  DeleteObjects: 1.021400 ms)

========================================================================
Received Import Request.
  path: Assets/Scene Template
  artifactKey: Guid(38a2780b64a97a24cb747fd99cb89905) Importer(815301076,1909f56bfc062723c751e8b465ee728b)
Start importing Assets/Scene Template using Guid(38a2780b64a97a24cb747fd99cb89905) Importer(815301076,1909f56bfc062723c751e8b465ee728b)  -> (artifact id: 'c382f468e3361b3736dc40864fc8c9fd') in 0.013127 seconds 
========================================================================
Received Import Request.
  Time since last request: 4.734861 seconds.
  path: Assets/Polybrush Data
  artifactKey: Guid(55786f921f918a947ac163302c399fc9) Importer(815301076,1909f56bfc062723c751e8b465ee728b)
Start importing Assets/Polybrush Data using Guid(55786f921f918a947ac163302c399fc9) Importer(815301076,1909f56bfc062723c751e8b465ee728b)  -> (artifact id: '92aa28f94df0d6d09acf21bdfed666ad') in 0.006528 seconds 
========================================================================
Received Import Request.
  Time since last request: 53.679617 seconds.
  path: Assets/Scenes/Grass.unity
  artifactKey: Guid(853e2919b7a34cd4bb1e09fe4a7ff626) Importer(815301076,1909f56bfc062723c751e8b465ee728b)
Start importing Assets/Scenes/Grass.unity using Guid(853e2919b7a34cd4bb1e09fe4a7ff626) Importer(815301076,1909f56bfc062723c751e8b465ee728b)  -> (artifact id: 'e28c843d71efab65e8f6bd5466a7ad6e') in 0.013645 seconds 
AssetImportWorkerClient::OnTransportError - code=2 error=End of file
